{'basis': 'sto-3g', 'molecule': '\n  0 1\n  O\n  H 1 R\n  H 1 R 2 A\n  R = 1.0\n  A = 104.5\n  symmetry c2v\n', 'nalpha': 5, 'nbeta': 5, 'scf_max_iter': 50}
8.801465564567374
   => Loading Basis Set <=

    Name: STO-3G
    Role: ORBITAL
    Keyword: BASIS
    atoms 1   entry O          line    81 file /home/nlk36701/psi4/build/stage/share/psi4/basis/sto-3g.gbs 
    atoms 2-3 entry H          line    19 file /home/nlk36701/psi4/build/stage/share/psi4/basis/sto-3g.gbs 


Scratch directory: /tmp/

*** tstart() called on nlk36701-OptiPlex-7060
*** at Wed Jan 19 13:53:07 2022

   => Loading Basis Set <=

    Name: STO-3G
    Role: ORBITAL
    Keyword: BASIS
    atoms 1   entry O          line    81 file /home/nlk36701/psi4/build/stage/share/psi4/basis/sto-3g.gbs 
    atoms 2-3 entry H          line    19 file /home/nlk36701/psi4/build/stage/share/psi4/basis/sto-3g.gbs 


         ---------------------------------------------------------
                                   SCF
               by Justin Turney, Rob Parrish, Andy Simmonett
                          and Daniel G. A. Smith
                              RHF Reference
                        1 Threads,    500 MiB Core
         ---------------------------------------------------------

  ==> Geometry <==

    Molecular point group: c2v
    Full point group: C2v

    Geometry (in Angstrom), charge = 0, multiplicity = 1:

       Center              X                  Y                   Z               Mass       
    ------------   -----------------  -----------------  -----------------  -----------------
         O            0.000000000000     0.000000000000    -0.068516219320    15.994914619570
         H            0.000000000000    -0.790689573744     0.543701060715     1.007825032230
         H            0.000000000000     0.790689573744     0.543701060715     1.007825032230

           O
              BASIS           STO-3G               ce60a13c765f9614c99c0135c607c24ee59dcfa5
           H
              BASIS           STO-3G               64d65a452b6e49c523a36fca03822dbe2f9a1c8d
           H
              BASIS           STO-3G               64d65a452b6e49c523a36fca03822dbe2f9a1c8d

  Running in c2v symmetry.

  Rotational constants: A =     25.12555  B =     13.37733  C =      8.72955 [cm^-1]
  Rotational constants: A = 753245.07149  B = 401042.16706  C = 261705.25473 [MHz]
  Nuclear repulsion =    8.801465564567374

  Charge       = 0
  Multiplicity = 1
  Electrons    = 10
  Nalpha       = 5
  Nbeta        = 5

  ==> Algorithm <==

  SCF Algorithm Type is PK.
  DIIS enabled.
  MOM disabled.
  Fractional occupation disabled.
  Guess Type is CORE.
  Energy threshold   = 1.00e-10
  Density threshold  = 1.00e-06
  Integral threshold = 1.00e-12

  ==> Primary Basis <==

  -AO BASIS SET INFORMATION:
    Name                   = STO-3G
    Blend                  = STO-3G
    Total number of shells = 5
    Number of primitives   = 15
    Number of AO           = 7
    Number of SO           = 7
    Maximum AM             = 1
    Spherical Harmonics    = TRUE

  -Contraction Scheme:
    Atom   Type   All Primitives // Shells:
   ------ ------ --------------------------
       1     O     6s 3p // 2s 1p 
       2     H     3s // 1s 
       3     H     3s // 1s 

  ==> AO Basis Functions <==

    [ STO-3G ]
    spherical
    ****
    O   1
    S   3 1.00
                       130.70932000           0.15432897
                        23.80886100           0.53532814
                         6.44360830           0.44463454
    S   3 1.00
                         5.03315130          -0.09996723
                         1.16959610           0.39951283
                         0.38038900           0.70011547
    P   3 1.00
                         5.03315130           0.15591627
                         1.16959610           0.60768372
                         0.38038900           0.39195739
    ****
    H   2
    S   3 1.00
                         3.42525091           0.15432897
                         0.62391373           0.53532814
                         0.16885540           0.44463454
    ****

  ==> Integral Setup <==

  Using in-core PK algorithm.
   Calculation information:
      Number of atoms:                   3
      Number of AO shells:               5
      Number of primitives:             15
      Number of atomic orbitals:         7
      Number of basis functions:         7

      Integral cutoff                 1.00e-12
      Number of threads:                 1

  Performing in-core PK
  Using 812 doubles for integral storage.
  We computed 120 shell quartets total.
  Whereas there are 120 unique shell quartets.

  ==> DiskJK: Disk-Based J/K Matrices <==

    J tasked:                  Yes
    K tasked:                  Yes
    wK tasked:                  No
    Memory [MiB]:              375
    Schwarz Cutoff:          1E-12

    OpenMP threads:              1

  ## One-electron Hamiltonian (Symmetry 0) ##
  Irrep: 1 Size: 4 x 4

                 1                   2                   3                   4

    1   -32.67360938122307    -7.60160704176513    -0.01741536402523    -2.23188409968938
    2    -7.60160704176513    -9.29147579738559    -0.20781331135887    -4.91205289073516
    3    -0.01741536402523    -0.20781331135887    -7.50695982726707    -2.19843350829329
    4    -2.23188409968938    -4.91205289073516    -2.19843350829329    -6.32623493583618



  Irrep: 2 Size: 0 x 0

	(empty)

  Irrep: 3 Size: 1 x 1

                 1

    1    -7.42214004568653



  Irrep: 4 Size: 2 x 2

                 1                   2

    1    -7.56362100858799     2.72200738566514
    2     2.72200738566514    -3.48092240687945




 # SO normalization factors #
 Irrep: 1
      1:    1.000000000000000
      2:    1.000000000000000
      3:    1.000000000000000
      4:    0.902315819895135

 Irrep: 2

 Irrep: 3
      1:    1.000000000000000

 Irrep: 4
      1:    1.000000000000000
      2:    1.138304793159911

  Irrep: 1 Size: 4 x 4

                 1                   2                   3                   4

    1     1.00000000000000     0.23670393651085     0.00000000000000     0.06221058420498
    2     0.23670393651085     1.00000000000000    -0.00000000000000     0.57058949529318
    3    -0.00000000000000    -0.00000000000000     1.00000000000000     0.29546405213138
    4     0.06221058420498     0.57058949529318     0.29546405213138     1.00000000000000



  Irrep: 2 Size: 0 x 0

	(empty)

  Irrep: 3 Size: 1 x 1

                 1

    1     1.00000000000000



  Irrep: 4 Size: 2 x 2

                 1                   2

    1     1.00000000000000    -0.48139887505209
    2    -0.48139887505209     1.00000000000000



  ## U with eigenvalues ##
 Irrep: 1

           1           2           3           4

    1  -0.1678941   0.7289025   0.6040553   0.2750090
    2   0.6468720  -0.3185493   0.2745563   0.6361618
    3   0.3038029   0.5592001  -0.7183160   0.2811069
    4  -0.6790228  -0.2335009  -0.2091844   0.6638126

        0.3396151   0.8766253   1.0860436   1.6977160

 Irrep: 2




     

 Irrep: 3

           1

    1   1.0000000

        1.0000000

 Irrep: 4

           1           2

    1  -0.7071068  -0.7071068
    2  -0.7071068   0.7071068

        0.5186011   1.4813989

  Minimum eigenvalue in the overlap matrix is 3.3961511601E-01.
  Reciprocal condition number of the overlap matrix is 2.0004236390E-01.
    Using symmetric orthogonalization.
  ## Half-transformed matrix Us (Symmetry 0) ##
  Irrep: 1 Size: 4 x 4

                 1                   2                   3                   4

    1    -0.28809915919346     0.77850684443484     0.57963292056546     0.21106410007273
    2     1.11000476825878    -0.34022769110312     0.26345584338883     0.48824189239981
    3     0.52131280135357     0.59725563950777    -0.68927406417207     0.21574412225349
    4    -1.16517421107577    -0.24939147589086    -0.20072698635038     0.50946339694565



  Irrep: 2 Size: 0 x 0

	(empty)

  Irrep: 3 Size: 1 x 1

                 1

    1     1.00000000000000



  Irrep: 4 Size: 2 x 2

                 1                   2

    1    -0.98190229457153    -0.58096369923307
    2    -0.98190229457153     0.58096369923307



  ## U with eigenvalues ##
 Irrep: 1

           1           2           3           4

    1  -0.1678941   0.7289025   0.6040553   0.2750090
    2   0.6468720  -0.3185493   0.2745563   0.6361618
    3   0.3038029   0.5592001  -0.7183160   0.2811069
    4  -0.6790228  -0.2335009  -0.2091844   0.6638126

        0.3396151   0.8766253   1.0860436   1.6977160

 Irrep: 2




     

 Irrep: 3

           1

    1   1.0000000

        1.0000000

 Irrep: 4

           1           2

    1  -0.7071068  -0.7071068
    2  -0.7071068   0.7071068

        0.5186011   1.4813989

  ## X (Symmetric Orthogonalization) (Symmetry 0) ##
  Irrep: 1 Size: 4 x 4

                 1                   2                   3                   4

    1     1.02400058457289    -0.14094329848588    -0.00921227469213     0.03270065295877
    2    -0.14094329848588     1.20934458523611     0.09497088349988    -0.40528482123038
    3    -0.00921227469213     0.09497088349988     1.04812554269490    -0.20604395074574
    4     0.03270065295877    -0.40528482123038    -0.20604395074574     1.22959021532265



  Irrep: 2 Size: 0 x 0

	(empty)

  Irrep: 3 Size: 1 x 1

                 1

    1     1.00000000000000



  Irrep: 4 Size: 2 x 2

                 1                   2

    1     1.10511314230508     0.28350639960323
    2     0.28350639960323     1.10511314230508



  ## MO overlap (Symmetry 0) ##
  Irrep: 1 Size: 4 x 4

                 1                   2                   3                   4

    1     1.00000000000000     0.00000000000000    -0.00000000000000     0.00000000000000
    2     0.00000000000000     1.00000000000000     0.00000000000000    -0.00000000000000
    3    -0.00000000000000     0.00000000000000     1.00000000000000    -0.00000000000000
    4     0.00000000000000    -0.00000000000000    -0.00000000000000     1.00000000000000



  Irrep: 2 Size: 0 x 0

	(empty)

  Irrep: 3 Size: 1 x 1

                 1

    1     1.00000000000000



  Irrep: 4 Size: 2 x 2

                 1                   2

    1     1.00000000000000     0.00000000000000
    2     0.00000000000000     1.00000000000000



  MO non-orthonormality 2.952818e-30
  ## S (Symmetry 0) ##
  Irrep: 1 Size: 4 x 4

                 1                   2                   3                   4

    1     1.00000000000000     0.23670393651085     0.00000000000000     0.06894546547151
    2     0.23670393651085     1.00000000000000    -0.00000000000000     0.63236117854998
    3    -0.00000000000000    -0.00000000000000     1.00000000000000     0.32745081668381
    4     0.06894546547151     0.63236117854998     0.32745081668381     1.22823892429818



  Irrep: 2 Size: 0 x 0

	(empty)

  Irrep: 3 Size: 1 x 1

                 1

    1     1.00000000000000



  Irrep: 4 Size: 2 x 2

                 1                   2

    1     1.00000000000000    -0.42290858998822
    2    -0.42290858998822     0.77176107570182



  ## X (Symmetric Orthogonalization) (Symmetry 0) ##
  Irrep: 1 Size: 4 x 4

                 1                   2                   3                   4

    1     1.02400058457289    -0.14094329848588    -0.00921227469213     0.03270065295877
    2    -0.14094329848588     1.20934458523611     0.09497088349988    -0.40528482123038
    3    -0.00921227469213     0.09497088349988     1.04812554269490    -0.20604395074574
    4     0.02950631648560    -0.36569490575954    -0.18591671635157     1.10947870327389



  Irrep: 2 Size: 0 x 0

	(empty)

  Irrep: 3 Size: 1 x 1

                 1

    1     1.00000000000000



  Irrep: 4 Size: 2 x 2

                 1                   2

    1     1.10511314230508     0.28350639960323
    2     0.32271669355986     1.25795558686989




  ==> Pre-Iterations <==

  SCF Guess: Core (One-Electron) Hamiltonian.

  ## F transformed (Symmetry 0) ##
  Irrep: 1 Size: 4 x 4

                 1                   2                   3                   4

    1   -32.35033320920515    -2.78398331299694     0.01411856583181    -0.33464940509462
    2    -2.78398331299694    -8.34025420849594    -0.27272759778539    -0.59768083678130
    3     0.01411856583181    -0.27272759778539    -7.55727027082515    -0.15870942328758
    4    -0.33464940509462    -0.59768083678130    -0.15870942328758    -4.23939853905263



  Irrep: 2 Size: 0 x 0

	(empty)

  Irrep: 3 Size: 1 x 1

                 1

    1    -7.42214004568654



  Irrep: 4 Size: 2 x 2

                 1                   2

    1    -7.65824100901964     0.25027227182446
    2     0.25027227182446    -4.17478116822023



  ## Beta MO coefficients (Symmetry 0) ##
  Irrep: 1 Size: 4 x 4

                 1                   2                   3                   4

    1     1.00160762329578     0.23380522608852     0.09345884391001     0.05458148960140
    2    -0.00777939369662    -1.08274338692324    -0.39179827827174    -0.57424292987503
    3    -0.00042228048266    -0.47697838060200     0.92640576097009    -0.25375068426522
    4     0.00311197060488     0.24908511185419    -0.05009545541473     1.15565945385595



  Irrep: 2 Size: 0 x 0

	(empty)

  Irrep: 3 Size: 1 x 1

                 1

    1     1.00000000000000



  Irrep: 4 Size: 2 x 2

                 1                   2

    1    -1.08208765084377    -0.36157606641316
    2    -0.23220707820253    -1.27776296537035



  ## Beta MO coefficients (Symmetry 0) ##
  Irrep: 1 Size: 4 x 4

                 1                   2                   3                   4

    1     1.00160762329578     0.23380522608852     0.09345884391001     0.05458148960140
    2    -0.00777939369662    -1.08274338692324    -0.39179827827174    -0.57424292987503
    3    -0.00042228048266    -0.47697838060200     0.92640576097009    -0.25375068426522
    4     0.00311197060488     0.24908511185419    -0.05009545541473     1.15565945385595



  Irrep: 2 Size: 0 x 0

	(empty)

  Irrep: 3 Size: 1 x 1

                 1

    1     1.00000000000000



  Irrep: 4 Size: 2 x 2

                 1                   2

    1    -1.08208765084377    -0.36157606641316
    2    -0.23220707820253    -1.27776296537035



  ## SCF density (Symmetry 0) ##
  Irrep: 1 Size: 4 x 4

                 1                   2                   3                   4

    1     1.06661727029552    -0.29755997653980    -0.02536218605475     0.05667251102547
    2    -0.29755997653980     1.32589965174900     0.15348429025919    -0.25009215370494
    3    -0.02536218605475     0.15348429025919     1.08573618784109    -0.16521824590336
    4     0.05667251102547    -0.25009215370494    -0.16521824590336     0.06456263196167



  Irrep: 2 Size: 0 x 0

	(empty)

  Irrep: 3 Size: 1 x 1

                 1

    1     1.00000000000000



  Irrep: 4 Size: 2 x 2

                 1                   2

    1     1.17091368410859     0.25126841176147
    2     0.25126841176147     0.05392012716735



  ## SCF density (Symmetry 0) ##
  Irrep: 1 Size: 4 x 4

                 1                   2                   3                   4

    1     1.06661727029552    -0.29755997653980    -0.02536218605475     0.05667251102547
    2    -0.29755997653980     1.32589965174900     0.15348429025919    -0.25009215370494
    3    -0.02536218605475     0.15348429025919     1.08573618784109    -0.16521824590336
    4     0.05667251102547    -0.25009215370494    -0.16521824590336     0.06456263196167



  Irrep: 2 Size: 0 x 0

	(empty)

  Irrep: 3 Size: 1 x 1

                 1

    1     1.00000000000000



  Irrep: 4 Size: 2 x 2

                 1                   2

    1     1.17091368410859     0.25126841176147
    2     0.25126841176147     0.05392012716735



  ## F (Symmetry 0) ##
  Irrep: 1 Size: 4 x 4

                 1                   2                   3                   4

    1   -32.67360938122307    -7.60160704176513    -0.01741536402523    -2.23188409968938
    2    -7.60160704176513    -9.29147579738559    -0.20781331135887    -4.91205289073516
    3    -0.01741536402523    -0.20781331135887    -7.50695982726707    -2.19843350829329
    4    -2.23188409968938    -4.91205289073516    -2.19843350829329    -6.32623493583618



  Irrep: 2 Size: 0 x 0

	(empty)

  Irrep: 3 Size: 1 x 1

                 1

    1    -7.42214004568653



  Irrep: 4 Size: 2 x 2

                 1                   2

    1    -7.56362100858799     2.72200738566514
    2     2.72200738566514    -3.48092240687945



  ## F (Symmetry 0) ##
  Irrep: 1 Size: 4 x 4

                 1                   2                   3                   4

    1   -32.67360938122307    -7.60160704176513    -0.01741536402523    -2.23188409968938
    2    -7.60160704176513    -9.29147579738559    -0.20781331135887    -4.91205289073516
    3    -0.01741536402523    -0.20781331135887    -7.50695982726707    -2.19843350829329
    4    -2.23188409968938    -4.91205289073516    -2.19843350829329    -6.32623493583618



  Irrep: 2 Size: 0 x 0

	(empty)

  Irrep: 3 Size: 1 x 1

                 1

    1    -7.42214004568653



  Irrep: 4 Size: 2 x 2

                 1                   2

    1    -7.56362100858799     2.72200738566514
    2     2.72200738566514    -3.48092240687945



   -------------------------------------------------------
    Irrep   Nso     Nmo     Nalpha   Nbeta   Ndocc  Nsocc
   -------------------------------------------------------
     A1         4       4       3       3       3       0
     A2         0       0       0       0       0       0
     B1         1       1       1       1       1       0
     B2         2       2       1       1       1       0
   -------------------------------------------------------
    Total       7       7       5       5       5       0
   -------------------------------------------------------

  ==> Iterations <==

                        Total Energy        Delta E     RMS |[F,P]|

  ## F (Symmetry 0) ##
  Irrep: 1 Size: 4 x 4

                 1                   2                   3                   4

    1   -18.85371222471212    -4.88435988050117    -0.01396824771352    -1.44832813732345
    2    -4.88435988050117    -1.86077281894060    -0.21349586799824    -1.00451632833266
    3    -0.01396824771352    -0.21349586799824     0.16828879962536    -0.30786653895538
    4    -1.44832813732345    -1.00451632833266    -0.30786653895538    -0.47890173932383



  Irrep: 2 Size: 0 x 0

	(empty)

  Irrep: 3 Size: 1 x 1

                 1

    1     0.25498122159941



  Irrep: 4 Size: 2 x 2

                 1                   2

    1     0.10983996502654     0.27591331551225
    2     0.27591331551225     0.03947184131631



  ## F (Symmetry 0) ##
  Irrep: 1 Size: 4 x 4

                 1                   2                   3                   4

    1   -18.85371222471212    -4.88435988050117    -0.01396824771352    -1.44832813732345
    2    -4.88435988050117    -1.86077281894060    -0.21349586799824    -1.00451632833266
    3    -0.01396824771352    -0.21349586799824     0.16828879962536    -0.30786653895538
    4    -1.44832813732345    -1.00451632833266    -0.30786653895538    -0.47890173932383



  Irrep: 2 Size: 0 x 0

	(empty)

  Irrep: 3 Size: 1 x 1

                 1

    1     0.25498122159941



  Irrep: 4 Size: 2 x 2

                 1                   2

    1     0.10983996502654     0.27591331551225
    2     0.27591331551225     0.03947184131631



  After DIIS:
  ## F (Symmetry 0) ##
  Irrep: 1 Size: 4 x 4

                 1                   2                   3                   4

    1   -18.85371222471212    -4.88435988050117    -0.01396824771352    -1.44832813732345
    2    -4.88435988050117    -1.86077281894060    -0.21349586799824    -1.00451632833266
    3    -0.01396824771352    -0.21349586799824     0.16828879962536    -0.30786653895538
    4    -1.44832813732345    -1.00451632833266    -0.30786653895538    -0.47890173932383



  Irrep: 2 Size: 0 x 0

	(empty)

  Irrep: 3 Size: 1 x 1

                 1

    1     0.25498122159941



  Irrep: 4 Size: 2 x 2

                 1                   2

    1     0.10983996502654     0.27591331551225
    2     0.27591331551225     0.03947184131631



  ## F (Symmetry 0) ##
  Irrep: 1 Size: 4 x 4

                 1                   2                   3                   4

    1   -18.85371222471212    -4.88435988050117    -0.01396824771352    -1.44832813732345
    2    -4.88435988050117    -1.86077281894060    -0.21349586799824    -1.00451632833266
    3    -0.01396824771352    -0.21349586799824     0.16828879962536    -0.30786653895538
    4    -1.44832813732345    -1.00451632833266    -0.30786653895538    -0.47890173932383



  Irrep: 2 Size: 0 x 0

	(empty)

  Irrep: 3 Size: 1 x 1

                 1

    1     0.25498122159941



  Irrep: 4 Size: 2 x 2

                 1                   2

    1     0.10983996502654     0.27591331551225
    2     0.27591331551225     0.03947184131631



  ## F transformed (Symmetry 0) ##
  Irrep: 1 Size: 4 x 4

                 1                   2                   3                   4

    1   -18.47634869978031    -2.63968050321823    -0.02391139108217    -0.18018428209884
    2    -2.63968050321823    -0.78148012639111    -0.06332409752139    -0.52978914766368
    3    -0.02391139108217    -0.06332409752139     0.26674902671385    -0.32702925889907
    4    -0.18018428209884    -0.52978914766368    -0.32702925889907     0.12487358404847



  Irrep: 2 Size: 0 x 0

	(empty)

  Irrep: 3 Size: 1 x 1

                 1

    1     0.25498122159941



  Irrep: 4 Size: 2 x 2

                 1                   2

    1     0.33505824599109     0.45925170849779
    2     0.45925170849779     0.26809338762189



    Occupation by irrep:
             A1    A2    B1    B2 
    DOCC [     3,    0,    1,    1 ]

  ## Beta MO coefficients (Symmetry 0) ##
  Irrep: 1 Size: 4 x 4

                 1                   2                   3                   4

    1     0.99312114952861     0.22486995409887    -0.14171322164744     0.11250625856133
    2     0.03042036200924    -0.78552678066284     0.70036929268774    -0.73970245812572
    3     0.00390525669845    -0.19816854195648    -0.66168117884349    -0.82037649473848
    4    -0.00919386060641    -0.26559370251396    -0.50984940645369     1.03418588566040



  Irrep: 2 Size: 0 x 0

	(empty)

  Irrep: 3 Size: 1 x 1

                 1

    1     1.00000000000000



  Irrep: 4 Size: 2 x 2

                 1                   2

    1     0.54485667821187    -1.00238821627119
    2    -0.70153897707018    -1.09290502171538



  ## Beta MO coefficients (Symmetry 0) ##
  Irrep: 1 Size: 4 x 4

                 1                   2                   3                   4

    1     0.99312114952861     0.22486995409887    -0.14171322164744     0.11250625856133
    2     0.03042036200924    -0.78552678066284     0.70036929268774    -0.73970245812572
    3     0.00390525669845    -0.19816854195648    -0.66168117884349    -0.82037649473848
    4    -0.00919386060641    -0.26559370251396    -0.50984940645369     1.03418588566040



  Irrep: 2 Size: 0 x 0

	(empty)

  Irrep: 3 Size: 1 x 1

                 1

    1     1.00000000000000



  Irrep: 4 Size: 2 x 2

                 1                   2

    1     0.54485667821187    -1.00238821627119
    2    -0.70153897707018    -1.09290502171538



  ## SCF density (Symmetry 0) ##
  Irrep: 1 Size: 4 x 4

                 1                   2                   3                   4

    1     1.05693875108716    -0.24568185503311     0.05308521364536     0.00339774083628
    2    -0.24568185503311     1.10849486770322    -0.30763568309718    -0.14873158264303
    3     0.05308521364536    -0.30763568309718     0.47710800448675     0.38995416868923
    4     0.00339774083628    -0.14873158264303     0.38995416868923     0.33057095914910



  Irrep: 2 Size: 0 x 0

	(empty)

  Irrep: 3 Size: 1 x 1

                 1

    1     1.00000000000000



  Irrep: 4 Size: 2 x 2

                 1                   2

    1     0.29686879979207    -0.38223819668261
    2    -0.38223819668261     0.49215693634867



  ## SCF density (Symmetry 0) ##
  Irrep: 1 Size: 4 x 4

                 1                   2                   3                   4

    1     1.05693875108716    -0.24568185503311     0.05308521364536     0.00339774083628
    2    -0.24568185503311     1.10849486770322    -0.30763568309718    -0.14873158264303
    3     0.05308521364536    -0.30763568309718     0.47710800448675     0.38995416868923
    4     0.00339774083628    -0.14873158264303     0.38995416868923     0.33057095914910



  Irrep: 2 Size: 0 x 0

	(empty)

  Irrep: 3 Size: 1 x 1

                 1

    1     1.00000000000000



  Irrep: 4 Size: 2 x 2

                 1                   2

    1     0.29686879979207    -0.38223819668261
    2    -0.38223819668261     0.49215693634867



   @RHF iter   1:   -73.25301168397343   -7.32530e+01   2.14121e-01 DIIS
  ## F (Symmetry 0) ##
  Irrep: 1 Size: 4 x 4

                 1                   2                   3                   4

    1   -20.42388693703146    -5.19847069084909    -0.02720114876258    -1.53825676748015
    2    -5.19847069084909    -2.52544700814629    -0.09274059707518    -1.36906443573733
    3    -0.02720114876258    -0.09274059707518    -0.35944545907454    -0.51254140178926
    4    -1.53825676748015    -1.36906443573733    -0.51254140178926    -0.89511189031516



  Irrep: 2 Size: 0 x 0

	(empty)

  Irrep: 3 Size: 1 x 1

                 1

    1    -0.48750241816001



  Irrep: 4 Size: 2 x 2

                 1                   2

    1    -0.34148750631307     0.55546573533904
    2     0.55546573533904    -0.19482509403675



  ## F (Symmetry 0) ##
  Irrep: 1 Size: 4 x 4

                 1                   2                   3                   4

    1   -20.42388693703146    -5.19847069084909    -0.02720114876258    -1.53825676748015
    2    -5.19847069084909    -2.52544700814629    -0.09274059707518    -1.36906443573733
    3    -0.02720114876258    -0.09274059707518    -0.35944545907454    -0.51254140178926
    4    -1.53825676748015    -1.36906443573733    -0.51254140178926    -0.89511189031516



  Irrep: 2 Size: 0 x 0

	(empty)

  Irrep: 3 Size: 1 x 1

                 1

    1    -0.48750241816001



  Irrep: 4 Size: 2 x 2

                 1                   2

    1    -0.34148750631307     0.55546573533904
    2     0.55546573533904    -0.19482509403675



  After DIIS:
  ## F (Symmetry 0) ##
  Irrep: 1 Size: 4 x 4

                 1                   2                   3                   4

    1   -20.20385114110478    -5.15445289994862    -0.02534676154572    -1.52565465539805
    2    -5.15445289994862    -2.43230316045449    -0.10966258794755    -1.31797863468793
    3    -0.02534676154572    -0.10966258794755    -0.28549163295586    -0.48385937297011
    4    -1.52565465539805    -1.31797863468793    -0.48385937297011    -0.83678644975902



  Irrep: 2 Size: 0 x 0

	(empty)

  Irrep: 3 Size: 1 x 1

                 1

    1    -0.38345477470020



  Irrep: 4 Size: 2 x 2

                 1                   2

    1    -0.27824091432516     0.51629077046589
    2     0.51629077046589    -0.16199198810968



  ## F (Symmetry 0) ##
  Irrep: 1 Size: 4 x 4

                 1                   2                   3                   4

    1   -20.20385114110478    -5.15445289994862    -0.02534676154572    -1.52565465539805
    2    -5.15445289994862    -2.43230316045449    -0.10966258794755    -1.31797863468793
    3    -0.02534676154572    -0.10966258794755    -0.28549163295586    -0.48385937297011
    4    -1.52565465539805    -1.31797863468793    -0.48385937297011    -0.83678644975902



  Irrep: 2 Size: 0 x 0

	(empty)

  Irrep: 3 Size: 1 x 1

                 1

    1    -0.38345477470020



  Irrep: 4 Size: 2 x 2

                 1                   2

    1    -0.27824091432516     0.51629077046589
    2     0.51629077046589    -0.16199198810968



  ## F transformed (Symmetry 0) ##
  Irrep: 1 Size: 4 x 4

                 1                   2                   3                   4

    1   -19.82729980154088    -2.68580302265150    -0.05153453347060    -0.18376609166309
    2    -2.68580302265150    -1.29838435449743     0.09028662770622    -0.63153562774118
    3    -0.05153453347060     0.09028662770622    -0.14864138019264    -0.44798930547342
    4    -0.18376609166309    -0.63153562774118    -0.44798930547342    -0.04884068502200



  Irrep: 2 Size: 0 x 0

	(empty)

  Irrep: 3 Size: 1 x 1

                 1

    1    -0.38345477470020



  Irrep: 4 Size: 2 x 2

                 1                   2

    1     0.01157877325908     0.61203786008559
    2     0.61203786008559     0.08954984444870



    Occupation by irrep:
             A1    A2    B1    B2 
    DOCC [     3,    0,    1,    1 ]

  ## Beta MO coefficients (Symmetry 0) ##
  Irrep: 1 Size: 4 x 4

                 1                   2                   3                   4

    1     0.99421931739599     0.23845578950069    -0.09921379327008     0.12008254618318
    2     0.02574857043477    -0.87203815440831     0.52513359213514    -0.78662301838200
    3     0.00380883023807    -0.11037866542749    -0.75000895318412    -0.75856061773630
    4    -0.00780386614679    -0.19468886509863    -0.44947407559616     1.07708857857422



  Irrep: 2 Size: 0 x 0

	(empty)

  Irrep: 3 Size: 1 x 1

                 1

    1     1.00000000000000



  Irrep: 4 Size: 2 x 2

                 1                   2

    1    -0.61189497300320     0.96293067140102
    2     0.62543560392277     1.13816898050559



  ## Beta MO coefficients (Symmetry 0) ##
  Irrep: 1 Size: 4 x 4

                 1                   2                   3                   4

    1     0.99421931739599     0.23845578950069    -0.09921379327008     0.12008254618318
    2     0.02574857043477    -0.87203815440831     0.52513359213514    -0.78662301838200
    3     0.00380883023807    -0.11037866542749    -0.75000895318412    -0.75856061773630
    4    -0.00780386614679    -0.19468886509863    -0.44947407559616     1.07708857857422



  Irrep: 2 Size: 0 x 0

	(empty)

  Irrep: 3 Size: 1 x 1

                 1

    1     1.00000000000000



  Irrep: 4 Size: 2 x 2

                 1                   2

    1    -0.61189497300320     0.96293067140102
    2     0.62543560392277     1.13816898050559



  ## SCF density (Symmetry 0) ##
  Irrep: 1 Size: 4 x 4

                 1                   2                   3                   4

    1     1.05517659140479    -0.23444331611184     0.05187761402274    -0.00958941349114
    2    -0.23444331611184     1.03687882121205    -0.29750241610000    -0.06645875568212
    3     0.05187761402274    -0.29750241610000     0.57471138682568     0.35856935442311
    4    -0.00958941349114    -0.06645875568212     0.35856935442311     0.23999159915326



  Irrep: 2 Size: 0 x 0

	(empty)

  Irrep: 3 Size: 1 x 1

                 1

    1     1.00000000000000



  Irrep: 4 Size: 2 x 2

                 1                   2

    1     0.37441545798659    -0.38270090197756
    2    -0.38270090197756     0.39116969465424



  ## SCF density (Symmetry 0) ##
  Irrep: 1 Size: 4 x 4

                 1                   2                   3                   4

    1     1.05517659140479    -0.23444331611184     0.05187761402274    -0.00958941349114
    2    -0.23444331611184     1.03687882121205    -0.29750241610000    -0.06645875568212
    3     0.05187761402274    -0.29750241610000     0.57471138682568     0.35856935442311
    4    -0.00958941349114    -0.06645875568212     0.35856935442311     0.23999159915326



  Irrep: 2 Size: 0 x 0

	(empty)

  Irrep: 3 Size: 1 x 1

                 1

    1     1.00000000000000



  Irrep: 4 Size: 2 x 2

                 1                   2

    1     0.37441545798659    -0.38270090197756
    2    -0.38270090197756     0.39116969465424



   @RHF iter   2:   -74.93149651086445   -1.67848e+00   4.29180e-02 DIIS
  ## F (Symmetry 0) ##
  Irrep: 1 Size: 4 x 4

                 1                   2                   3                   4

    1   -20.23829747948707    -5.16207737959950    -0.02747958860235    -1.52817433323431
    2    -5.16207737959950    -2.43778307491238    -0.10981421321829    -1.34287877330648
    3    -0.02747958860235    -0.10981421321829    -0.31496479677707    -0.50299242177152
    4    -1.52817433323431    -1.34287877330648    -0.50299242177152    -0.86550870943321



  Irrep: 2 Size: 0 x 0

	(empty)

  Irrep: 3 Size: 1 x 1

                 1

    1    -0.39049392405629



  Irrep: 4 Size: 2 x 2

                 1                   2

    1    -0.29447204592717     0.54400896020674
    2     0.54400896020674    -0.17680907805391



  ## F (Symmetry 0) ##
  Irrep: 1 Size: 4 x 4

                 1                   2                   3                   4

    1   -20.23829747948707    -5.16207737959950    -0.02747958860235    -1.52817433323431
    2    -5.16207737959950    -2.43778307491238    -0.10981421321829    -1.34287877330648
    3    -0.02747958860235    -0.10981421321829    -0.31496479677707    -0.50299242177152
    4    -1.52817433323431    -1.34287877330648    -0.50299242177152    -0.86550870943321



  Irrep: 2 Size: 0 x 0

	(empty)

  Irrep: 3 Size: 1 x 1

                 1

    1    -0.39049392405629



  Irrep: 4 Size: 2 x 2

                 1                   2

    1    -0.29447204592717     0.54400896020674
    2     0.54400896020674    -0.17680907805391



  After DIIS:
  ## F (Symmetry 0) ##
  Irrep: 1 Size: 4 x 4

                 1                   2                   3                   4

    1   -20.26845699695307    -5.16835771729518    -0.02835411955937    -1.53008577165791
    2    -5.16835771729518    -2.44748555080007    -0.10843775408156    -1.35557186965059
    3    -0.02835411955937    -0.10843775408156    -0.33112668424077    -0.51185386287276
    4    -1.53008577165791    -1.35557186965059    -0.51185386287276    -0.88009939287672



  Irrep: 2 Size: 0 x 0

	(empty)

  Irrep: 3 Size: 1 x 1

                 1

    1    -0.40164120139050



  Irrep: 4 Size: 2 x 2

                 1                   2

    1    -0.30527225142212     0.55664608427840
    2     0.55664608427840    -0.18456756357081



  ## F (Symmetry 0) ##
  Irrep: 1 Size: 4 x 4

                 1                   2                   3                   4

    1   -20.26845699695307    -5.16835771729518    -0.02835411955937    -1.53008577165791
    2    -5.16835771729518    -2.44748555080007    -0.10843775408156    -1.35557186965059
    3    -0.02835411955937    -0.10843775408156    -0.33112668424077    -0.51185386287276
    4    -1.53008577165791    -1.35557186965059    -0.51185386287276    -0.88009939287672



  Irrep: 2 Size: 0 x 0

	(empty)

  Irrep: 3 Size: 1 x 1

                 1

    1    -0.40164120139050



  Irrep: 4 Size: 2 x 2

                 1                   2

    1    -0.30527225142212     0.55664608427840
    2     0.55664608427840    -0.18456756357081



  ## F transformed (Symmetry 0) ##
  Irrep: 1 Size: 4 x 4

                 1                   2                   3                   4

    1   -19.89125350520031    -2.69297963295998    -0.05598327535972    -0.18004495172378
    2    -2.69297963295998    -1.28823515057698     0.10417451116402    -0.66744865961388
    3    -0.05598327535972     0.10417451116402    -0.18786522726457    -0.46969202741416
    4    -0.18004495172378    -0.66744865961388    -0.46969202741416    -0.05975747982142



  Irrep: 2 Size: 0 x 0

	(empty)

  Irrep: 3 Size: 1 x 1

                 1

    1    -0.40164120139050



  Irrep: 4 Size: 2 x 2

                 1                   2

    1     0.00499943204844     0.65419738782759
    2     0.65419738782759     0.08043692048798



    Occupation by irrep:
             A1    A2    B1    B2 
    DOCC [     3,    0,    1,    1 ]

  ## Beta MO coefficients (Symmetry 0) ##
  Irrep: 1 Size: 4 x 4

                 1                   2                   3                   4

    1     0.99426226876541     0.23455142785112    -0.10139008772245     0.12547759966118
    2     0.02555986898148    -0.84988230177507     0.52664830227789    -0.80953253560029
    3     0.00392892174843    -0.11507451538094    -0.76284757386904    -0.74493731020269
    4    -0.00773559907924    -0.21905362444609    -0.42349671240632     1.08292086966373



  Irrep: 2 Size: 0 x 0

	(empty)

  Irrep: 3 Size: 1 x 1

                 1

    1     1.00000000000000



  Irrep: 4 Size: 2 x 2

                 1                   2

    1    -0.60899416198717     0.96476787186191
    2     0.62885820911621     1.13628151250759



  ## Beta MO coefficients (Symmetry 0) ##
  Irrep: 1 Size: 4 x 4

                 1                   2                   3                   4

    1     0.99426226876541     0.23455142785112    -0.10139008772245     0.12547759966118
    2     0.02555986898148    -0.84988230177507     0.52664830227789    -0.80953253560029
    3     0.00392892174843    -0.11507451538094    -0.76284757386904    -0.74493731020269
    4    -0.00773559907924    -0.21905362444609    -0.42349671240632     1.08292086966373



  Irrep: 2 Size: 0 x 0

	(empty)

  Irrep: 3 Size: 1 x 1

                 1

    1     1.00000000000000



  Irrep: 4 Size: 2 x 2

                 1                   2

    1    -0.60899416198717     0.96476787186191
    2     0.62885820911621     1.13628151250759



  ## SCF density (Symmetry 0) ##
  Irrep: 1 Size: 4 x 4

                 1                   2                   3                   4

    1     1.05385178128589    -0.22732481163070     0.05426066919297    -0.01613218585953
    2    -0.22732481163070     1.00031166806502    -0.30385216294220    -0.03706174695160
    3     0.05426066919297    -0.30385216294220     0.59519400147414     0.34824053671279
    4    -0.01613218585953    -0.03706174695160     0.34824053671279     0.22739379529504



  Irrep: 2 Size: 0 x 0

	(empty)

  Irrep: 3 Size: 1 x 1

                 1

    1     1.00000000000000



  Irrep: 4 Size: 2 x 2

                 1                   2

    1     0.37087388933445    -0.38297097806948
    2    -0.38297097806948     0.39546264717285



  ## SCF density (Symmetry 0) ##
  Irrep: 1 Size: 4 x 4

                 1                   2                   3                   4

    1     1.05385178128589    -0.22732481163070     0.05426066919297    -0.01613218585953
    2    -0.22732481163070     1.00031166806502    -0.30385216294220    -0.03706174695160
    3     0.05426066919297    -0.30385216294220     0.59519400147414     0.34824053671279
    4    -0.01613218585953    -0.03706174695160     0.34824053671279     0.22739379529504



  Irrep: 2 Size: 0 x 0

	(empty)

  Irrep: 3 Size: 1 x 1

                 1

    1     1.00000000000000



  Irrep: 4 Size: 2 x 2

                 1                   2

    1     0.37087388933445    -0.38297097806948
    2    -0.38297097806948     0.39546264717285



   @RHF iter   3:   -74.96324208556827   -3.17456e-02   7.70503e-03 DIIS
  ## F (Symmetry 0) ##
  Irrep: 1 Size: 4 x 4

                 1                   2                   3                   4

    1   -20.23885530805584    -5.16288061478007    -0.02824540184551    -1.52833061965681
    2    -5.16288061478007    -2.43366170382303    -0.10896708478812    -1.34632370652799
    3    -0.02824540184551    -0.10896708478812    -0.32323628551608    -0.50121328295743
    4    -1.52833061965681    -1.34632370652799    -0.50121328295743    -0.86890961695679



  Irrep: 2 Size: 0 x 0

	(empty)

  Irrep: 3 Size: 1 x 1

                 1

    1    -0.38928158487090



  Irrep: 4 Size: 2 x 2

                 1                   2

    1    -0.29206645344468     0.54502519642691
    2     0.54502519642691    -0.17907685644510



  ## F (Symmetry 0) ##
  Irrep: 1 Size: 4 x 4

                 1                   2                   3                   4

    1   -20.23885530805584    -5.16288061478007    -0.02824540184551    -1.52833061965681
    2    -5.16288061478007    -2.43366170382303    -0.10896708478812    -1.34632370652799
    3    -0.02824540184551    -0.10896708478812    -0.32323628551608    -0.50121328295743
    4    -1.52833061965681    -1.34632370652799    -0.50121328295743    -0.86890961695679



  Irrep: 2 Size: 0 x 0

	(empty)

  Irrep: 3 Size: 1 x 1

                 1

    1    -0.38928158487090



  Irrep: 4 Size: 2 x 2

                 1                   2

    1    -0.29206645344468     0.54502519642691
    2     0.54502519642691    -0.17907685644510



  After DIIS:
  ## F (Symmetry 0) ##
  Irrep: 1 Size: 4 x 4

                 1                   2                   3                   4

    1   -20.23484594997353    -5.16220209590700    -0.02828540086440    -1.52809828445929
    2    -5.16220209590700    -2.43145514259157    -0.10891237417571    -1.34518125690589
    3    -0.02828540086440    -0.10891237417571    -0.32277300828804    -0.49936265763165
    4    -1.52809828445929    -1.34518125690589    -0.49936265763165    -0.86745868208149



  Irrep: 2 Size: 0 x 0

	(empty)

  Irrep: 3 Size: 1 x 1

                 1

    1    -0.38758341163940



  Irrep: 4 Size: 2 x 2

                 1                   2

    1    -0.28991215487326     0.54323740697568
    2     0.54323740697568    -0.17842684873334



  ## F (Symmetry 0) ##
  Irrep: 1 Size: 4 x 4

                 1                   2                   3                   4

    1   -20.23484594997353    -5.16220209590700    -0.02828540086440    -1.52809828445929
    2    -5.16220209590700    -2.43145514259157    -0.10891237417571    -1.34518125690589
    3    -0.02828540086440    -0.10891237417571    -0.32277300828804    -0.49936265763165
    4    -1.52809828445929    -1.34518125690589    -0.49936265763165    -0.86745868208149



  Irrep: 2 Size: 0 x 0

	(empty)

  Irrep: 3 Size: 1 x 1

                 1

    1    -0.38758341163940



  Irrep: 4 Size: 2 x 2

                 1                   2

    1    -0.28991215487326     0.54323740697568
    2     0.54323740697568    -0.17842684873334



  ## F transformed (Symmetry 0) ##
  Irrep: 1 Size: 4 x 4

                 1                   2                   3                   4

    1   -19.85743204309625    -2.69271213782155    -0.05558382696637    -0.17987997828695
    2    -2.69271213782155    -1.27441953377909     0.09933652663268    -0.66261459111123
    3    -0.05558382696637     0.09933652663268    -0.18343866864706    -0.45762559432065
    4    -0.17987997828695    -0.66261459111123    -0.45762559432065    -0.05632834250611



  Irrep: 2 Size: 0 x 0

	(empty)

  Irrep: 3 Size: 1 x 1

                 1

    1    -0.38758341163940



  Irrep: 4 Size: 2 x 2

                 1                   2

    1     0.01483376609472     0.64163540421494
    2     0.64163540421494     0.08182478977849



    Occupation by irrep:
             A1    A2    B1    B2 
    DOCC [     3,    0,    1,    1 ]

  ## Beta MO coefficients (Symmetry 0) ##
  Irrep: 1 Size: 4 x 4

                 1                   2                   3                   4

    1     0.99422561934217     0.23460069430355    -0.10084207322132     0.12611588974833
    2     0.02572350638864    -0.84954930170883     0.52282982414415    -0.81234712680662
    3     0.00395379317970    -0.11474237324042    -0.76633061090336    -0.74140511712645
    4    -0.00780481884635    -0.21950254237148    -0.41842585603660     1.08479902606131



  Irrep: 2 Size: 0 x 0

	(empty)

  Irrep: 3 Size: 1 x 1

                 1

    1     1.00000000000000



  Irrep: 4 Size: 2 x 2

                 1                   2

    1    -0.60636930920079     0.96641978289497
    2     0.63194472700957     1.13456784056493



  ## Beta MO coefficients (Symmetry 0) ##
  Irrep: 1 Size: 4 x 4

                 1                   2                   3                   4

    1     0.99422561934217     0.23460069430355    -0.10084207322132     0.12611588974833
    2     0.02572350638864    -0.84954930170883     0.52282982414415    -0.81234712680662
    3     0.00395379317970    -0.11474237324042    -0.76633061090336    -0.74140511712645
    4    -0.00780481884635    -0.21950254237148    -0.41842585603660     1.08479902606131



  Irrep: 2 Size: 0 x 0

	(empty)

  Irrep: 3 Size: 1 x 1

                 1

    1     1.00000000000000



  Irrep: 4 Size: 2 x 2

                 1                   2

    1    -0.60636930920079     0.96641978289497
    2     0.63194472700957     1.13456784056493



  ## SCF density (Symmetry 0) ##
  Irrep: 1 Size: 4 x 4

                 1                   2                   3                   4

    1     1.05369119165561    -0.22645313036373     0.05429068962105    -0.01706026888098
    2    -0.22645313036373     0.99574673982948    -0.30307949004795    -0.03248805244143
    3     0.05429068962105    -0.30307949004795     0.60044404990487     0.34580792587877
    4    -0.01706026888098    -0.03248805244143     0.34580792587877     0.22332247830473



  Irrep: 2 Size: 0 x 0

	(empty)

  Irrep: 3 Size: 1 x 1

                 1

    1     1.00000000000000



  Irrep: 4 Size: 2 x 2

                 1                   2

    1     0.36768373914065    -0.38319188756988
    2    -0.38319188756988     0.39935413799520



  ## SCF density (Symmetry 0) ##
  Irrep: 1 Size: 4 x 4

                 1                   2                   3                   4

    1     1.05369119165561    -0.22645313036373     0.05429068962105    -0.01706026888098
    2    -0.22645313036373     0.99574673982948    -0.30307949004795    -0.03248805244143
    3     0.05429068962105    -0.30307949004795     0.60044404990487     0.34580792587877
    4    -0.01706026888098    -0.03248805244143     0.34580792587877     0.22332247830473



  Irrep: 2 Size: 0 x 0

	(empty)

  Irrep: 3 Size: 1 x 1

                 1

    1     1.00000000000000



  Irrep: 4 Size: 2 x 2

                 1                   2

    1     0.36768373914065    -0.38319188756988
    2    -0.38319188756988     0.39935413799520



   @RHF iter   4:   -74.96459579004996   -1.35370e-03   1.43930e-03 DIIS
  ## F (Symmetry 0) ##
  Irrep: 1 Size: 4 x 4

                 1                   2                   3                   4

    1   -20.23884363788089    -5.16296340087139    -0.02823135223480    -1.52831419483939
    2    -5.16296340087139    -2.43320785395604    -0.10894904336472    -1.34662233876121
    3    -0.02823135223480    -0.10894904336472    -0.32546828903869    -0.50079576220335
    4    -1.52831419483939    -1.34662233876121    -0.50079576220335    -0.86838977051278



  Irrep: 2 Size: 0 x 0

	(empty)

  Irrep: 3 Size: 1 x 1

                 1

    1    -0.38910866758659



  Irrep: 4 Size: 2 x 2

                 1                   2

    1    -0.29029395353640     0.54494571749280
    2     0.54494571749280    -0.17963975087176



  ## F (Symmetry 0) ##
  Irrep: 1 Size: 4 x 4

                 1                   2                   3                   4

    1   -20.23884363788089    -5.16296340087139    -0.02823135223480    -1.52831419483939
    2    -5.16296340087139    -2.43320785395604    -0.10894904336472    -1.34662233876121
    3    -0.02823135223480    -0.10894904336472    -0.32546828903869    -0.50079576220335
    4    -1.52831419483939    -1.34662233876121    -0.50079576220335    -0.86838977051278



  Irrep: 2 Size: 0 x 0

	(empty)

  Irrep: 3 Size: 1 x 1

                 1

    1    -0.38910866758659



  Irrep: 4 Size: 2 x 2

                 1                   2

    1    -0.29029395353640     0.54494571749280
    2     0.54494571749280    -0.17963975087176



  After DIIS:
  ## F (Symmetry 0) ##
  Irrep: 1 Size: 4 x 4

                 1                   2                   3                   4

    1   -20.23854802008617    -5.16292649982303    -0.02821929346385    -1.52829164386996
    2    -5.16292649982303    -2.43296381627287    -0.10897905621320    -1.34664840825702
    3    -0.02821929346385    -0.10897905621320    -0.32605892824240    -0.50066436358301
    4    -1.52829164386996    -1.34664840825702    -0.50066436358301    -0.86813888291178



  Irrep: 2 Size: 0 x 0

	(empty)

  Irrep: 3 Size: 1 x 1

                 1

    1    -0.38891259157016



  Irrep: 4 Size: 2 x 2

                 1                   2

    1    -0.28965811416366     0.54489560374688
    2     0.54489560374688    -0.17977746568166



  ## F (Symmetry 0) ##
  Irrep: 1 Size: 4 x 4

                 1                   2                   3                   4

    1   -20.23854802008617    -5.16292649982303    -0.02821929346385    -1.52829164386996
    2    -5.16292649982303    -2.43296381627287    -0.10897905621320    -1.34664840825702
    3    -0.02821929346385    -0.10897905621320    -0.32605892824240    -0.50066436358301
    4    -1.52829164386996    -1.34664840825702    -0.50066436358301    -0.86813888291178



  Irrep: 2 Size: 0 x 0

	(empty)

  Irrep: 3 Size: 1 x 1

                 1

    1    -0.38891259157016



  Irrep: 4 Size: 2 x 2

                 1                   2

    1    -0.28965811416366     0.54489560374688
    2     0.54489560374688    -0.17977746568166



  ## F transformed (Symmetry 0) ##
  Irrep: 1 Size: 4 x 4

                 1                   2                   3                   4

    1   -19.86113588392124    -2.69287658050345    -0.05553195162400    -0.17978248213210
    2    -2.69287658050345    -1.27522208995403     0.09960496025594    -0.66395520397798
    3    -0.05553195162400     0.09960496025594    -0.18654073035570    -0.45851498082112
    4    -0.17978248213210    -0.66395520397798    -0.45851498082112    -0.05564918867552



  Irrep: 2 Size: 0 x 0

	(empty)

  Irrep: 3 Size: 1 x 1

                 1

    1    -0.38891259157016



  Irrep: 4 Size: 2 x 2

                 1                   2

    1     0.01618611172072     0.64362360551750
    2     0.64362360551750     0.08089067516681



    Occupation by irrep:
             A1    A2    B1    B2 
    DOCC [     3,    0,    1,    1 ]

  ## Beta MO coefficients (Symmetry 0) ##
  Irrep: 1 Size: 4 x 4

                 1                   2                   3                   4

    1     0.99422903789098     0.23454661281424    -0.10076082229502     0.12625439645729
    2     0.02570825588425    -0.84933066533814     0.52197327314878    -0.81312668316472
    3     0.00394839116569    -0.11518812844855    -0.76745357835613    -0.74017343099185
    4    -0.00779834063268    -0.21964938690824    -0.41657949888784     1.08547973683015



  Irrep: 2 Size: 0 x 0

	(empty)

  Irrep: 3 Size: 1 x 1

                 1

    1     1.00000000000000



  Irrep: 4 Size: 2 x 2

                 1                   2

    1    -0.60543525845136     0.96700521391322
    2     0.63304066663335     1.13395671752840



  ## Beta MO coefficients (Symmetry 0) ##
  Irrep: 1 Size: 4 x 4

                 1                   2                   3                   4

    1     0.99422903789098     0.23454661281424    -0.10076082229502     0.12625439645729
    2     0.02570825588425    -0.84933066533814     0.52197327314878    -0.81312668316472
    3     0.00394839116569    -0.11518812844855    -0.76745357835613    -0.74017343099185
    4    -0.00779834063268    -0.21964938690824    -0.41657949888784     1.08547973683015



  Irrep: 2 Size: 0 x 0

	(empty)

  Irrep: 3 Size: 1 x 1

                 1

    1     1.00000000000000



  Irrep: 4 Size: 2 x 2

                 1                   2

    1    -0.60543525845136     0.96700521391322
    2     0.63304066663335     1.13395671752840



  ## SCF density (Symmetry 0) ##
  Irrep: 1 Size: 4 x 4

                 1                   2                   3                   4

    1     1.05365623667783    -0.22624219241916     0.05423787341428    -0.01729646355124
    2    -0.22624219241916     0.99447959138599    -0.30265594025962    -0.03108888637374
    3     0.05423787341428    -0.30265594025962     0.60226888965990     0.34497563798484
    4    -0.01729646355124    -0.03108888637374     0.34497563798484     0.22184514617943



  Irrep: 2 Size: 0 x 0

	(empty)

  Irrep: 3 Size: 1 x 1

                 1

    1     1.00000000000000



  Irrep: 4 Size: 2 x 2

                 1                   2

    1     0.36655185217606    -0.38326513961338
    2    -0.38326513961338     0.40074048561160



  ## SCF density (Symmetry 0) ##
  Irrep: 1 Size: 4 x 4

                 1                   2                   3                   4

    1     1.05365623667783    -0.22624219241916     0.05423787341428    -0.01729646355124
    2    -0.22624219241916     0.99447959138599    -0.30265594025962    -0.03108888637374
    3     0.05423787341428    -0.30265594025962     0.60226888965990     0.34497563798484
    4    -0.01729646355124    -0.03108888637374     0.34497563798484     0.22184514617943



  Irrep: 2 Size: 0 x 0

	(empty)

  Irrep: 3 Size: 1 x 1

                 1

    1     1.00000000000000



  Irrep: 4 Size: 2 x 2

                 1                   2

    1     0.36655185217606    -0.38326513961338
    2    -0.38326513961338     0.40074048561160



   @RHF iter   5:   -74.96465753500965   -6.17450e-05   3.89171e-04 DIIS
  ## F (Symmetry 0) ##
  Irrep: 1 Size: 4 x 4

                 1                   2                   3                   4

    1   -20.23865404984698    -5.16294113614067    -0.02819628011429    -1.52829996823639
    2    -5.16294113614067    -2.43301711163693    -0.10896843873061    -1.34666316939746
    3    -0.02819628011429    -0.10896843873061    -0.32617173289800    -0.50064682386639
    4    -1.52829996823639    -1.34666316939746    -0.50064682386639    -0.86810404845892



  Irrep: 2 Size: 0 x 0

	(empty)

  Irrep: 3 Size: 1 x 1

                 1

    1    -0.38897498202314



  Irrep: 4 Size: 2 x 2

                 1                   2

    1    -0.28958962360905     0.54488568928024
    2     0.54488568928024    -0.17980924026511



  ## F (Symmetry 0) ##
  Irrep: 1 Size: 4 x 4

                 1                   2                   3                   4

    1   -20.23865404984698    -5.16294113614067    -0.02819628011429    -1.52829996823639
    2    -5.16294113614067    -2.43301711163693    -0.10896843873061    -1.34666316939746
    3    -0.02819628011429    -0.10896843873061    -0.32617173289800    -0.50064682386639
    4    -1.52829996823639    -1.34666316939746    -0.50064682386639    -0.86810404845892



  Irrep: 2 Size: 0 x 0

	(empty)

  Irrep: 3 Size: 1 x 1

                 1

    1    -0.38897498202314



  Irrep: 4 Size: 2 x 2

                 1                   2

    1    -0.28958962360905     0.54488568928024
    2     0.54488568928024    -0.17980924026511



  After DIIS:
  ## F (Symmetry 0) ##
  Irrep: 1 Size: 4 x 4

                 1                   2                   3                   4

    1   -20.23861961144932    -5.16293481328128    -0.02819152370847    -1.52829761849722
    2    -5.16293481328128    -2.43299678705551    -0.10897266028042    -1.34666029033685
    3    -0.02819152370847    -0.10897266028042    -0.32622615889769    -0.50063319437435
    4    -1.52829761849722    -1.34666029033685    -0.50063319437435    -0.86806881929359



  Irrep: 2 Size: 0 x 0

	(empty)

  Irrep: 3 Size: 1 x 1

                 1

    1    -0.38895587015907



  Irrep: 4 Size: 2 x 2

                 1                   2

    1    -0.28951956754030     0.54487695619733
    2     0.54487695619733    -0.17982128886800



  ## F (Symmetry 0) ##
  Irrep: 1 Size: 4 x 4

                 1                   2                   3                   4

    1   -20.23861961144932    -5.16293481328128    -0.02819152370847    -1.52829761849722
    2    -5.16293481328128    -2.43299678705551    -0.10897266028042    -1.34666029033685
    3    -0.02819152370847    -0.10897266028042    -0.32622615889769    -0.50063319437435
    4    -1.52829761849722    -1.34666029033685    -0.50063319437435    -0.86806881929359



  Irrep: 2 Size: 0 x 0

	(empty)

  Irrep: 3 Size: 1 x 1

                 1

    1    -0.38895587015907



  Irrep: 4 Size: 2 x 2

                 1                   2

    1    -0.28951956754030     0.54487695619733
    2     0.54487695619733    -0.17982128886800



  ## F transformed (Symmetry 0) ##
  Irrep: 1 Size: 4 x 4

                 1                   2                   3                   4

    1   -19.86120994792667    -2.69286770024112    -0.05549975544106    -0.17979225742290
    2    -2.69286770024112    -1.27525258229535     0.09958384998901    -0.66397668470812
    3    -0.05549975544106     0.09958384998901    -0.18673332295244    -0.45845853166385
    4    -0.17979225742290    -0.66397668470812    -0.45845853166385    -0.05557862033669



  Irrep: 2 Size: 0 x 0

	(empty)

  Irrep: 3 Size: 1 x 1

                 1

    1    -0.38895587015907



  Irrep: 4 Size: 2 x 2

                 1                   2

    1     0.01633745037703     0.64362159287445
    2     0.64362159287445     0.08081916200651



    Occupation by irrep:
             A1    A2    B1    B2 
    DOCC [     3,    0,    1,    1 ]

  ## Beta MO coefficients (Symmetry 0) ##
  Irrep: 1 Size: 4 x 4

                 1                   2                   3                   4

    1     0.99422926655076     0.23455042985834    -0.10074151128117     0.12626091475441
    2     0.02570705705561    -0.84935733399384     0.52185190751087    -0.81317676263906
    3     0.00394670630811    -0.11519736971031    -0.76755607556218    -0.74006571194380
    4    -0.00779728497914    -0.21961718828558    -0.41643386540671     1.08554213826420



  Irrep: 2 Size: 0 x 0

	(empty)

  Irrep: 3 Size: 1 x 1

                 1

    1     1.00000000000000



  Irrep: 4 Size: 2 x 2

                 1                   2

    1    -0.60535183666808     0.96705743870465
    2     0.63313848602241     1.13390210351539



  ## Beta MO coefficients (Symmetry 0) ##
  Irrep: 1 Size: 4 x 4

                 1                   2                   3                   4

    1     0.99422926655076     0.23455042985834    -0.10074151128117     0.12626091475441
    2     0.02570705705561    -0.84935733399384     0.52185190751087    -0.81317676263906
    3     0.00394670630811    -0.11519736971031    -0.76755607556218    -0.74006571194380
    4    -0.00779728497914    -0.21961718828558    -0.41643386540671     1.08554213826420



  Irrep: 2 Size: 0 x 0

	(empty)

  Irrep: 3 Size: 1 x 1

                 1

    1     1.00000000000000



  Irrep: 4 Size: 2 x 2

                 1                   2

    1    -0.60535183666808     0.96705743870465
    2     0.63313848602241     1.13390210351539



  ## SCF density (Symmetry 0) ##
  Irrep: 1 Size: 4 x 4

                 1                   2                   3                   4

    1     1.05365459070801    -0.22623056913761     0.05422909737908    -0.01731141789283
    2    -0.22623056913761     0.99439814696431    -0.30260541312918    -0.03098378272299
    3     0.05422909737908    -0.30260541312918     0.60242833961127     0.34490489230262
    4    -0.01731141789283    -0.03098378272299     0.34490489230262     0.22170967130108



  Irrep: 2 Size: 0 x 0

	(empty)

  Irrep: 3 Size: 1 x 1

                 1

    1     1.00000000000000



  Irrep: 4 Size: 2 x 2

                 1                   2

    1     0.36645084615741    -0.38327154537891
    2    -0.38327154537891     0.40086434248275



  ## SCF density (Symmetry 0) ##
  Irrep: 1 Size: 4 x 4

                 1                   2                   3                   4

    1     1.05365459070801    -0.22623056913761     0.05422909737908    -0.01731141789283
    2    -0.22623056913761     0.99439814696431    -0.30260541312918    -0.03098378272299
    3     0.05422909737908    -0.30260541312918     0.60242833961127     0.34490489230262
    4    -0.01731141789283    -0.03098378272299     0.34490489230262     0.22170967130108



  Irrep: 2 Size: 0 x 0

	(empty)

  Irrep: 3 Size: 1 x 1

                 1

    1     1.00000000000000



  Irrep: 4 Size: 2 x 2

                 1                   2

    1     0.36645084615741    -0.38327154537891
    2    -0.38327154537891     0.40086434248275



   @RHF iter   6:   -74.96466250517993   -4.97017e-06   3.40656e-05 DIIS
  ## F (Symmetry 0) ##
  Irrep: 1 Size: 4 x 4

                 1                   2                   3                   4

    1   -20.23862088548714    -5.16293503247769    -0.02819157898869    -1.52829768808145
    2    -5.16293503247769    -2.43299753912246    -0.10897260029885    -1.34666087004248
    3    -0.02819157898869    -0.10897260029885    -0.32622661836143    -0.50063366292779
    4    -1.52829768808145    -1.34666087004248    -0.50063366292779    -0.86806938478386



  Irrep: 2 Size: 0 x 0

	(empty)

  Irrep: 3 Size: 1 x 1

                 1

    1    -0.38895637649431



  Irrep: 4 Size: 2 x 2

                 1                   2

    1    -0.28951994353984     0.54487752105469
    2     0.54487752105469    -0.17982166590019



  ## F (Symmetry 0) ##
  Irrep: 1 Size: 4 x 4

                 1                   2                   3                   4

    1   -20.23862088548714    -5.16293503247769    -0.02819157898869    -1.52829768808145
    2    -5.16293503247769    -2.43299753912246    -0.10897260029885    -1.34666087004248
    3    -0.02819157898869    -0.10897260029885    -0.32622661836143    -0.50063366292779
    4    -1.52829768808145    -1.34666087004248    -0.50063366292779    -0.86806938478386



  Irrep: 2 Size: 0 x 0

	(empty)

  Irrep: 3 Size: 1 x 1

                 1

    1    -0.38895637649431



  Irrep: 4 Size: 2 x 2

                 1                   2

    1    -0.28951994353984     0.54487752105469
    2     0.54487752105469    -0.17982166590019



  After DIIS:
  ## F (Symmetry 0) ##
  Irrep: 1 Size: 4 x 4

                 1                   2                   3                   4

    1   -20.23862104315759    -5.16293506445620    -0.02819157834656    -1.52829769717767
    2    -5.16293506445620    -2.43299760382824    -0.10897258438215    -1.34666089685757
    3    -0.02819157834656    -0.10897258438215    -0.32622667363719    -0.50063366608711
    4    -1.52829769717767    -1.34666089685757    -0.50063366608711    -0.86806941348720



  Irrep: 2 Size: 0 x 0

	(empty)

  Irrep: 3 Size: 1 x 1

                 1

    1    -0.38895645687490



  Irrep: 4 Size: 2 x 2

                 1                   2

    1    -0.28951997693483     0.54487753096832
    2     0.54487753096832    -0.17982168474083



  ## F (Symmetry 0) ##
  Irrep: 1 Size: 4 x 4

                 1                   2                   3                   4

    1   -20.23862104315759    -5.16293506445620    -0.02819157834656    -1.52829769717767
    2    -5.16293506445620    -2.43299760382824    -0.10897258438215    -1.34666089685757
    3    -0.02819157834656    -0.10897258438215    -0.32622667363719    -0.50063366608711
    4    -1.52829769717767    -1.34666089685757    -0.50063366608711    -0.86806941348720



  Irrep: 2 Size: 0 x 0

	(empty)

  Irrep: 3 Size: 1 x 1

                 1

    1    -0.38895645687490



  Irrep: 4 Size: 2 x 2

                 1                   2

    1    -0.28951997693483     0.54487753096832
    2     0.54487753096832    -0.17982168474083



  ## F transformed (Symmetry 0) ##
  Irrep: 1 Size: 4 x 4

                 1                   2                   3                   4

    1   -19.86121139169287    -2.69286769683564    -0.05549983543927    -0.17979223269823
    2    -2.69286769683564    -1.27525322373818     0.09958411809403    -0.66397705019041
    3    -0.05549983543927     0.09958411809403    -0.18673369486186    -0.45845897842541
    4    -0.17979223269823    -0.66397705019041    -0.45845897842541    -0.05557873381941



  Irrep: 2 Size: 0 x 0

	(empty)

  Irrep: 3 Size: 1 x 1

                 1

    1    -0.38895645687490



  Irrep: 4 Size: 2 x 2

                 1                   2

    1     0.01633731913598     0.64362215552269
    2     0.64362215552269     0.08081891262208



    Occupation by irrep:
             A1    A2    B1    B2 
    DOCC [     3,    0,    1,    1 ]

  ## Beta MO coefficients (Symmetry 0) ##
  Irrep: 1 Size: 4 x 4

                 1                   2                   3                   4

    1     0.99422926815946     0.23455042936646    -0.10074149485465     0.12626091610707
    2     0.02570705013803    -0.84935735018136     0.52185187525572    -0.81317676664956
    3     0.00394670807204    -0.11519729633381    -0.76755605839721    -0.74006574115863
    4    -0.00779728287645    -0.21961718664413    -0.41643391812226     1.08554211838873



  Irrep: 2 Size: 0 x 0

	(empty)

  Irrep: 3 Size: 1 x 1

                 1

    1     1.00000000000000



  Irrep: 4 Size: 2 x 2

                 1                   2

    1    -0.60535177127978     0.96705747963595
    2     0.63313856269202     1.13390206070527



  ## Beta MO coefficients (Symmetry 0) ##
  Irrep: 1 Size: 4 x 4

                 1                   2                   3                   4

    1     0.99422926815946     0.23455042936646    -0.10074149485465     0.12626091610707
    2     0.02570705013803    -0.84935735018136     0.52185187525572    -0.81317676664956
    3     0.00394670807204    -0.11519729633381    -0.76755605839721    -0.74006574115863
    4    -0.00779728287645    -0.21961718664413    -0.41643391812226     1.08554211838873



  Irrep: 2 Size: 0 x 0

	(empty)

  Irrep: 3 Size: 1 x 1

                 1

    1     1.00000000000000



  Irrep: 4 Size: 2 x 2

                 1                   2

    1    -0.60535177127978     0.96705747963595
    2     0.63313856269202     1.13390206070527



  ## SCF density (Symmetry 0) ##
  Irrep: 1 Size: 4 x 4

                 1                   2                   3                   4

    1     1.05365459036643    -0.22623056753129     0.05422910206883    -0.01731141685171
    2    -0.22623056753129     0.99439814044182    -0.30260543985404    -0.03098379453169
    3     0.05422910206883    -0.30260543985404     0.60242829636948     0.34490490930740
    4    -0.01731141685171    -0.03098379453169     0.34490490930740     0.22170971445240



  Irrep: 2 Size: 0 x 0

	(empty)

  Irrep: 3 Size: 1 x 1

                 1

    1     1.00000000000000



  Irrep: 4 Size: 2 x 2

                 1                   2

    1     0.36645076699157    -0.38327155039115
    2    -0.38327155039115     0.40086443956772



  ## SCF density (Symmetry 0) ##
  Irrep: 1 Size: 4 x 4

                 1                   2                   3                   4

    1     1.05365459036643    -0.22623056753129     0.05422910206883    -0.01731141685171
    2    -0.22623056753129     0.99439814044182    -0.30260543985404    -0.03098379453169
    3     0.05422910206883    -0.30260543985404     0.60242829636948     0.34490490930740
    4    -0.01731141685171    -0.03098379453169     0.34490490930740     0.22170971445240



  Irrep: 2 Size: 0 x 0

	(empty)

  Irrep: 3 Size: 1 x 1

                 1

    1     1.00000000000000



  Irrep: 4 Size: 2 x 2

                 1                   2

    1     0.36645076699157    -0.38327155039115
    2    -0.38327155039115     0.40086443956772



   @RHF iter   7:   -74.96466253910488   -3.39249e-08   3.67062e-08 DIIS
  ## F (Symmetry 0) ##
  Irrep: 1 Size: 4 x 4

                 1                   2                   3                   4

    1   -20.23862104255607    -5.16293506399119    -0.02819157932255    -1.52829769716468
    2    -5.16293506399119    -2.43299760559371    -0.10897258407209    -1.34666089847018
    3    -0.02819157932255    -0.10897258407209    -0.32622667436350    -0.50063367053845
    4    -1.52829769716468    -1.34666089847018    -0.50063367053845    -0.86806941582390



  Irrep: 2 Size: 0 x 0

	(empty)

  Irrep: 3 Size: 1 x 1

                 1

    1    -0.38895645565081



  Irrep: 4 Size: 2 x 2

                 1                   2

    1    -0.28951997615910     0.54487753353182
    2     0.54487753353182    -0.17982168685210



  ## F (Symmetry 0) ##
  Irrep: 1 Size: 4 x 4

                 1                   2                   3                   4

    1   -20.23862104255607    -5.16293506399119    -0.02819157932255    -1.52829769716468
    2    -5.16293506399119    -2.43299760559371    -0.10897258407209    -1.34666089847018
    3    -0.02819157932255    -0.10897258407209    -0.32622667436350    -0.50063367053845
    4    -1.52829769716468    -1.34666089847018    -0.50063367053845    -0.86806941582390



  Irrep: 2 Size: 0 x 0

	(empty)

  Irrep: 3 Size: 1 x 1

                 1

    1    -0.38895645565081



  Irrep: 4 Size: 2 x 2

                 1                   2

    1    -0.28951997615910     0.54487753353182
    2     0.54487753353182    -0.17982168685210



  After DIIS:
  ## F (Symmetry 0) ##
  Irrep: 1 Size: 4 x 4

                 1                   2                   3                   4

    1   -20.23862104710240    -5.16293506486704    -0.02819157933318    -1.52829769741670
    2    -5.16293506486704    -2.43299760781479    -0.10897258364225    -1.34666089903734
    3    -0.02819157933318    -0.10897258364225    -0.32622667508268    -0.50063367091884
    4    -1.52829769741670    -1.34666089903734    -0.50063367091884    -0.86806941666156



  Irrep: 2 Size: 0 x 0

	(empty)

  Irrep: 3 Size: 1 x 1

                 1

    1    -0.38895645804860



  Irrep: 4 Size: 2 x 2

                 1                   2

    1    -0.28951997761629     0.54487753383255
    2     0.54487753383255    -0.17982168721087



  ## F (Symmetry 0) ##
  Irrep: 1 Size: 4 x 4

                 1                   2                   3                   4

    1   -20.23862104710240    -5.16293506486704    -0.02819157933318    -1.52829769741670
    2    -5.16293506486704    -2.43299760781479    -0.10897258364225    -1.34666089903734
    3    -0.02819157933318    -0.10897258364225    -0.32622667508268    -0.50063367091884
    4    -1.52829769741670    -1.34666089903734    -0.50063367091884    -0.86806941666156



  Irrep: 2 Size: 0 x 0

	(empty)

  Irrep: 3 Size: 1 x 1

                 1

    1    -0.38895645804860



  Irrep: 4 Size: 2 x 2

                 1                   2

    1    -0.28951997761629     0.54487753383255
    2     0.54487753383255    -0.17982168721087



  ## F transformed (Symmetry 0) ##
  Irrep: 1 Size: 4 x 4

                 1                   2                   3                   4

    1   -19.86121139576594    -2.69286769631304    -0.05549983670212    -0.17979223258569
    2    -2.69286769631304    -1.27525322750907     0.09958412086856    -0.66397705126706
    3    -0.05549983670212     0.09958412086856    -0.18673369446956    -0.45845898386491
    4    -0.17979223258569    -0.66397705126706    -0.45845898386491    -0.05557873414749



  Irrep: 2 Size: 0 x 0

	(empty)

  Irrep: 3 Size: 1 x 1

                 1

    1    -0.38895645804860



  Irrep: 4 Size: 2 x 2

                 1                   2

    1     0.01633732008948     0.64362215855030
    2     0.64362215855030     0.08081891070159



    Occupation by irrep:
             A1    A2    B1    B2 
    DOCC [     3,    0,    1,    1 ]

  ## Beta MO coefficients (Symmetry 0) ##
  Irrep: 1 Size: 4 x 4

                 1                   2                   3                   4

    1     0.99422926816687     0.23455042940134    -0.10074149507136     0.12626091581102
    2     0.02570705010824    -0.84935735045424     0.52185187730765    -0.81317676504867
    3     0.00394670811764    -0.11519729594291    -0.76755605619248    -0.74006574350586
    4    -0.00779728287435    -0.21961718642441    -0.41643392155612     1.08554211711591



  Irrep: 2 Size: 0 x 0

	(empty)

  Irrep: 3 Size: 1 x 1

                 1

    1     1.00000000000000



  Irrep: 4 Size: 2 x 2

                 1                   2

    1    -0.60535177008928     0.96705748038117
    2     0.63313856408792     1.13390205992584



  ## Beta MO coefficients (Symmetry 0) ##
  Irrep: 1 Size: 4 x 4

                 1                   2                   3                   4

    1     0.99422926816687     0.23455042940134    -0.10074149507136     0.12626091581102
    2     0.02570705010824    -0.84935735045424     0.52185187730765    -0.81317676504867
    3     0.00394670811764    -0.11519729594291    -0.76755605619248    -0.74006574350586
    4    -0.00779728287435    -0.21961718642441    -0.41643392155612     1.08554211711591



  Irrep: 2 Size: 0 x 0

	(empty)

  Irrep: 3 Size: 1 x 1

                 1

    1     1.00000000000000



  Irrep: 4 Size: 2 x 2

                 1                   2

    1    -0.60535177008928     0.96705748038117
    2     0.63313856408792     1.13390205992584



  ## SCF density (Symmetry 0) ##
  Irrep: 1 Size: 4 x 4

                 1                   2                   3                   4

    1     1.05365459044119    -0.22623056797416     0.05422910214610    -0.01731141636963
    2    -0.22623056797416     0.99439814304544    -0.30260544057799    -0.03098379730456
    3     0.05422910214610    -0.30260544057799     0.60242829289527     0.34490491091345
    4    -0.01731141636963    -0.03098379730456     0.34490491091345     0.22170971721580



  Irrep: 2 Size: 0 x 0

	(empty)

  Irrep: 3 Size: 1 x 1

                 1

    1     1.00000000000000



  Irrep: 4 Size: 2 x 2

                 1                   2

    1     0.36645076555022    -0.38327155048241
    2    -0.38327155048241     0.40086444133532



  ## SCF density (Symmetry 0) ##
  Irrep: 1 Size: 4 x 4

                 1                   2                   3                   4

    1     1.05365459044119    -0.22623056797416     0.05422910214610    -0.01731141636963
    2    -0.22623056797416     0.99439814304544    -0.30260544057799    -0.03098379730456
    3     0.05422910214610    -0.30260544057799     0.60242829289527     0.34490491091345
    4    -0.01731141636963    -0.03098379730456     0.34490491091345     0.22170971721580



  Irrep: 2 Size: 0 x 0

	(empty)

  Irrep: 3 Size: 1 x 1

                 1

    1     1.00000000000000



  Irrep: 4 Size: 2 x 2

                 1                   2

    1     0.36645076555022    -0.38327155048241
    2    -0.38327155048241     0.40086444133532



   @RHF iter   8:   -74.96466253910489   -1.42109e-14   1.02588e-09 DIIS
  Energy and wave function converged.


  ==> Post-Iterations <==

    Orbital Energies [Eh]
    ---------------------

    Doubly Occupied:                                                      

       1A1   -20.247270     2A1    -1.247775     1B2    -0.595851  
       3A1    -0.447884     1B1    -0.388956  

    Virtual:                                                              

       4A1     0.564152     2B2     0.693007  

    Final Occupation by Irrep:
             A1    A2    B1    B2 
    DOCC [     3,    0,    1,    1 ]

  @RHF Final Energy:   -74.96466253910489

   => Energetics <=

    Nuclear Repulsion Energy =              8.8014655645673745
    One-Electron Energy =                -121.6767825709067097
    Two-Electron Energy =                  37.9106544672344299
    Total Energy =                        -74.9646625391048929

Computation Completed


Properties will be evaluated at   0.000000,   0.000000,   0.000000 [a0]

Properties computed using the SCF density matrix

  ## SO Dipole x (Symmetry 2) ##
  Irrep: 1 Size: 4 x 1

                 1

    1    -0.05079192958791
    2    -0.64117284432493
    3     0.00000000000000
    4    -0.40665797757628



  Irrep: 2 Size: 0 x 2

	(empty)

  Irrep: 3 Size: 1 x 4

                 1                   2                   3                   4

    1    -0.05079192958791    -0.64117284432492     0.00000000000000    -0.40665797757628



  Irrep: 4 Size: 2 x 0

	(empty)

  ## SO Dipole y (Symmetry 3) ##
  Irrep: 1 Size: 4 x 2

                 1                   2

    1    -0.05079192958791     0.00400786699175
    2    -0.64117284432493     0.39997816524392
    3     0.00000000000000     0.21294148018253
    4    -0.68167571015062     1.49418674463085



  Irrep: 2 Size: 0 x 1

	(empty)

  Irrep: 3 Size: 1 x 0

	(empty)

  Irrep: 4 Size: 2 x 4

                 1                   2                   3                   4

    1    -0.05079192958791    -0.64117284432492     0.00000000000000    -0.68167571015062
    2     0.00400786699175     0.39997816524392     0.21294148018253     1.49418674463085



  ## SO Dipole z (Symmetry 0) ##
  Irrep: 1 Size: 4 x 4

                 1                   2                   3                   4

    1     0.12947688966628     0.03064768947119    -0.05079192958791     0.00582362223865
    2     0.03064768947119     0.12947688966628    -0.64117284432493    -0.22782002631787
    3    -0.05079192958791    -0.64117284432492     0.12947688966628    -0.52913757445977
    4     0.00582362223865    -0.22782002631787    -0.52913757445977    -1.26194929125235



  Irrep: 2 Size: 0 x 0

	(empty)

  Irrep: 3 Size: 1 x 1

                 1

    1     0.12947688966628



  Irrep: 4 Size: 2 x 2

                 1                   2

    1     0.12947688966628     0.15818459133770
    2     0.15818459133770    -0.79294290649075



  Nuclear Dipole Moment: [e a0]
     X:     0.0000      Y:     0.0000      Z:     1.0191

  Electronic Dipole Moment: [e a0]
     X:     0.0000      Y:     0.0000      Z:    -0.3624

  Dipole Moment: [e a0]
     X:     0.0000      Y:     0.0000      Z:     0.6566     Total:     0.6566

  Dipole Moment: [D]
     X:     0.0000      Y:     0.0000      Z:     1.6690     Total:     1.6690


*** tstop() called on nlk36701-OptiPlex-7060 at Wed Jan 19 13:53:07 2022
Module time:
	user time   =       0.05 seconds =       0.00 minutes
	system time =       0.00 seconds =       0.00 minutes
	total time  =          0 seconds =       0.00 minutes
Total time:
	user time   =       0.05 seconds =       0.00 minutes
	system time =       0.00 seconds =       0.00 minutes
	total time  =          0 seconds =       0.00 minutes
nothing to init
in stock!
<psi4.core.Molecule object at 0x7fe6f8623540>
['O', [0, 0, 1], 'H', [0], 'H', [0]]
printing mol
<psi4.core.Molecule object at 0x7fe6f8623540>
A1 [[1.               0.               0.               0.              ]
 [0.               1.               0.               0.              ]
 [0.               0.               1.               0.              ]
 [0.               0.               0.               0.              ]
 [0.               0.               0.               0.              ]
 [0.               0.               0.               0.70710678118655]
 [0.               0.               0.               0.70710678118655]]
A2 []
B1 [[ 0.                0.              ]
 [ 0.                0.              ]
 [ 0.                0.              ]
 [ 0.                0.              ]
 [ 1.                0.              ]
 [ 0.                0.70710678118655]
 [ 0.               -0.70710678118655]]
B2 [[0.]
 [0.]
 [0.]
 [1.]
 [0.]
 [0.]
 [0.]]
eigvecs
[[ 0.16789412400467 -0.72890250608181  0.60405525942412 -0.27500898769752]
 [-0.6468719961889   0.31854930814838  0.27455633070287 -0.63616175623481]
 [-0.30380288634201 -0.55920013487453 -0.71831603912628 -0.2811068895287 ]
 [ 0.67902281988278  0.23350092946743 -0.20918444676161 -0.66381261907961]]
half transformed?
[[ 0.28809915919346 -0.77850684443484  0.57963292056546 -0.21106410007273]
 [-1.11000476825878  0.34022769110312  0.26345584338883 -0.48824189239981]
 [-0.52131280135357 -0.59725563950777 -0.68927406417207 -0.21574412225349]
 [ 1.16517421107577  0.24939147589086 -0.20072698635038 -0.50946339694565]]
eigvecs
[[-0.70710678118655 -0.70710678118655]
 [-0.70710678118655  0.70710678118655]]
half transformed?
[[-0.98190229457152 -0.58096369923307]
 [-0.98190229457153  0.58096369923307]]
eigvecs
[[1.]]
half transformed?
[[1.]]
antisymm with normalize
[array([[ 1.02400058457289, -0.14094329848588, -0.00921227469213,  0.03270065295877],
       [-0.14094329848588,  1.20934458523611,  0.09497088349988, -0.40528482123038],
       [-0.00921227469213,  0.09497088349988,  1.0481255426949 , -0.20604395074574],
       [ 0.0295063164856 , -0.36569490575954, -0.18591671635157,  1.10947870327389]]), array([], dtype=float64), array([[1.10511314230508, 0.28350639960323],
       [0.32271669355986, 1.25795558686989]]), array([[1.]])]
init fock
[array([[-32.35033320920518,  -2.78398331299693,   0.01411856583178,  -0.33464940509462],
       [ -2.78398331299693,  -8.34025420849596,  -0.2727275977854 ,  -0.59768083678129],
       [  0.01411856583178,  -0.2727275977854 ,  -7.55727027082516,  -0.15870942328759],
       [ -0.33464940509462,  -0.5976808367813 ,  -0.15870942328759,  -4.23939853905263]]), array([], dtype=float64), array([[-7.65824100901964,  0.25027227182446],
       [ 0.25027227182446, -4.17478116822023]]), array([[-7.42214004568654]])]
coefficients
[array([[-1.00160762329578, -0.23380522608852, -0.09345884391001,  0.0545814896014 ],
       [ 0.00777939369662,  1.08274338692325,  0.39179827827172, -0.57424292987503],
       [ 0.00042228048266,  0.47697838060198, -0.9264057609701 , -0.25375068426522],
       [-0.00311197060488, -0.24908511185419,  0.05009545541473,  1.15565945385595]]), array([], dtype=float64), array([[-1.08208765084377, -0.36157606641316],
       [-0.23220707820253, -1.27776296537035]]), array([[1.]])]
init density
[array([[ 1.06661727029552, -0.2975599765398 , -0.02536218605475,  0.05667251102547],
       [-0.2975599765398 ,  1.325899651749  ,  0.15348429025919, -0.25009215370495],
       [-0.02536218605475,  0.15348429025919,  1.08573618784109, -0.16521824590335],
       [ 0.05667251102547, -0.25009215370495, -0.16521824590335,  0.06456263196167]]), array([], dtype=float64), array([[1.17091368410859, 0.25126841176147],
       [0.25126841176147, 0.05392012716735]]), array([[1.]])]
